<?xml version="1.0" encoding="UTF-8"?>
<!-- Generated by org.testng.reporters.JUnitReportReporter -->
<testsuite hostname="PrasadSiva" name="PracAcademy.SeleniumTest" tests="2" failures="0" timestamp="24 Feb 2019 18:08:51 GMT" time="0.000" errors="0">
  <testcase name="elemntsUI" time="0.000" classname="PracAcademy.SeleniumTest"/>
  <testcase name="BrowserAutomation" time="0.000" classname="PracAcademy.SeleniumTest"/>
</testsuite> <!-- PracAcademy.SeleniumTest -->
