<?xml version="1.0" encoding="UTF-8"?>
<!-- Generated by org.testng.reporters.JUnitReportReporter -->
<testsuite hostname="PrasadSiva" name="PracAcademy.AppiumTest" tests="2" failures="0" timestamp="24 Feb 2019 18:08:51 GMT" time="0.016" errors="0">
  <testcase name="NativeAndroid" time="0.016" classname="PracAcademy.AppiumTest"/>
  <testcase name="IOsApp" time="0.000" classname="PracAcademy.AppiumTest"/>
</testsuite> <!-- PracAcademy.AppiumTest -->
